2023-04-24 12:20:47,646 [background-preinit] INFO  o.h.validator.internal.util.Version                : HV000001: Hibernate Validator 6.2.5.Final
2023-04-24 12:20:47,703 [main] INFO  c.h.e.EmployeeManagementSystemApplication          : Starting EmployeeManagementSystemApplication using Java 17.0.6 on OmkarKulkarni with PID 31888 (C:\Users\omkar\OneDrive\Desktop\Traninig_Practice\CapstoneProject\employeemanagementsystem\build\classes\java\main started by omkar in C:\Users\omkar\OneDrive\Desktop\Traninig_Practice\CapstoneProject\employeemanagementsystem)
2023-04-24 12:20:47,706 [main] INFO  c.h.e.EmployeeManagementSystemApplication          : No active profile set, falling back to 1 default profile: "default"
2023-04-24 12:20:49,476 [main] INFO  o.s.d.r.c.RepositoryConfigurationDelegate          : Bootstrapping Spring Data JPA repositories in DEFAULT mode.
2023-04-24 12:20:49,623 [main] INFO  o.s.d.r.c.RepositoryConfigurationDelegate          : Finished Spring Data repository scanning in 119 ms. Found 1 JPA repository interfaces.
2023-04-24 12:20:51,329 [main] INFO  o.s.b.w.embedded.tomcat.TomcatWebServer            : Tomcat initialized with port(s): 8443 (https)
2023-04-24 12:20:51,353 [main] INFO  o.apache.coyote.http11.Http11NioProtocol           : Initializing ProtocolHandler ["https-jsse-nio-8443"]
2023-04-24 12:20:51,356 [main] INFO  org.apache.catalina.core.StandardService           : Starting service [Tomcat]
2023-04-24 12:20:51,357 [main] INFO  org.apache.catalina.core.StandardEngine            : Starting Servlet engine: [Apache Tomcat/9.0.74]
2023-04-24 12:20:51,689 [main] INFO  o.a.c.c.C.[Tomcat].[localhost].[/]                 : Initializing Spring embedded WebApplicationContext
2023-04-24 12:20:51,689 [main] INFO  o.s.b.w.s.c.ServletWebServerApplicationContext     : Root WebApplicationContext: initialization completed in 3850 ms
2023-04-24 12:20:52,064 [main] INFO  o.hibernate.jpa.internal.util.LogHelper            : HHH000204: Processing PersistenceUnitInfo [name: default]
2023-04-24 12:20:52,198 [main] INFO  org.hibernate.Version                              : HHH000412: Hibernate ORM core version 5.6.15.Final
2023-04-24 12:20:52,563 [main] INFO  org.hibernate.annotations.common.Version           : HCANN000001: Hibernate Commons Annotations {5.1.2.Final}
2023-04-24 12:20:52,827 [main] INFO  com.zaxxer.hikari.HikariDataSource                 : HikariPool-1 - Starting...
2023-04-24 12:20:53,259 [main] INFO  com.zaxxer.hikari.HikariDataSource                 : HikariPool-1 - Start completed.
2023-04-24 12:20:53,311 [main] INFO  org.hibernate.dialect.Dialect                      : HHH000400: Using dialect: org.hibernate.dialect.MySQL8Dialect
2023-04-24 12:20:54,371 [main] INFO  o.h.e.t.j.p.i.JtaPlatformInitiator                 : HHH000490: Using JtaPlatform implementation: [org.hibernate.engine.transaction.jta.platform.internal.NoJtaPlatform]
2023-04-24 12:20:54,386 [main] INFO  o.s.o.j.LocalContainerEntityManagerFactoryBean     : Initialized JPA EntityManagerFactory for persistence unit 'default'
2023-04-24 12:20:54,928 [main] WARN  o.s.b.a.o.j.JpaBaseConfiguration$JpaWebConfiguration : spring.jpa.open-in-view is enabled by default. Therefore, database queries may be performed during view rendering. Explicitly configure spring.jpa.open-in-view to disable this warning
2023-04-24 12:20:55,409 [main] INFO  o.apache.coyote.http11.Http11NioProtocol           : Starting ProtocolHandler ["https-jsse-nio-8443"]
2023-04-24 12:20:55,610 [main] INFO  o.a.t.util.net.NioEndpoint.certificate             : Connector [https-jsse-nio-8443], TLS virtual host [_default_], certificate type [UNDEFINED] configured from [file:/C:/Users/omkar/OneDrive/Desktop/Traninig_Practice/CapstoneProject/employeemanagementsystem/build/resources/main/identity.jks] using alias [newssl] and with trust store [null]
2023-04-24 12:20:55,686 [main] INFO  o.s.b.w.embedded.tomcat.TomcatWebServer            : Tomcat started on port(s): 8443 (https) with context path ''
2023-04-24 12:20:55,703 [main] INFO  c.h.e.EmployeeManagementSystemApplication          : Started EmployeeManagementSystemApplication in 8.934 seconds (JVM running for 10.112)
2023-04-24 12:21:07,885 [https-jsse-nio-8443-exec-6] INFO  o.a.c.c.C.[Tomcat].[localhost].[/]                 : Initializing Spring DispatcherServlet 'dispatcherServlet'
2023-04-24 12:21:07,886 [https-jsse-nio-8443-exec-6] INFO  o.s.web.servlet.DispatcherServlet                  : Initializing Servlet 'dispatcherServlet'
2023-04-24 12:21:07,889 [https-jsse-nio-8443-exec-6] INFO  o.s.web.servlet.DispatcherServlet                  : Completed initialization in 3 ms
2023-04-24 12:39:49,263 [background-preinit] INFO  o.h.validator.internal.util.Version                : HV000001: Hibernate Validator 6.2.5.Final
2023-04-24 12:39:49,283 [main] INFO  c.h.e.EmployeeManagementSystemApplication          : Starting EmployeeManagementSystemApplication using Java 17.0.6 on OmkarKulkarni with PID 18920 (C:\Users\omkar\OneDrive\Desktop\Traninig_Practice\CapstoneProject\employeemanagementsystem\build\classes\java\main started by omkar in C:\Users\omkar\OneDrive\Desktop\Traninig_Practice\CapstoneProject\employeemanagementsystem)
2023-04-24 12:39:49,284 [main] INFO  c.h.e.EmployeeManagementSystemApplication          : No active profile set, falling back to 1 default profile: "default"
2023-04-24 12:39:50,180 [main] INFO  o.s.d.r.c.RepositoryConfigurationDelegate          : Bootstrapping Spring Data JPA repositories in DEFAULT mode.
2023-04-24 12:39:50,254 [main] INFO  o.s.d.r.c.RepositoryConfigurationDelegate          : Finished Spring Data repository scanning in 59 ms. Found 1 JPA repository interfaces.
2023-04-24 12:39:51,112 [main] INFO  o.s.b.w.embedded.tomcat.TomcatWebServer            : Tomcat initialized with port(s): 8443 (https)
2023-04-24 12:39:51,122 [main] INFO  o.apache.coyote.http11.Http11NioProtocol           : Initializing ProtocolHandler ["https-jsse-nio-8443"]
2023-04-24 12:39:51,123 [main] INFO  org.apache.catalina.core.StandardService           : Starting service [Tomcat]
2023-04-24 12:39:51,123 [main] INFO  org.apache.catalina.core.StandardEngine            : Starting Servlet engine: [Apache Tomcat/9.0.74]
2023-04-24 12:39:51,257 [main] INFO  o.a.c.c.C.[Tomcat].[localhost].[/]                 : Initializing Spring embedded WebApplicationContext
2023-04-24 12:39:51,257 [main] INFO  o.s.b.w.s.c.ServletWebServerApplicationContext     : Root WebApplicationContext: initialization completed in 1907 ms
2023-04-24 12:39:51,493 [main] INFO  o.hibernate.jpa.internal.util.LogHelper            : HHH000204: Processing PersistenceUnitInfo [name: default]
2023-04-24 12:39:51,572 [main] INFO  org.hibernate.Version                              : HHH000412: Hibernate ORM core version 5.6.15.Final
2023-04-24 12:39:51,831 [main] INFO  org.hibernate.annotations.common.Version           : HCANN000001: Hibernate Commons Annotations {5.1.2.Final}
2023-04-24 12:39:52,018 [main] INFO  com.zaxxer.hikari.HikariDataSource                 : HikariPool-1 - Starting...
2023-04-24 12:39:52,371 [main] INFO  com.zaxxer.hikari.HikariDataSource                 : HikariPool-1 - Start completed.
2023-04-24 12:39:52,415 [main] INFO  org.hibernate.dialect.Dialect                      : HHH000400: Using dialect: org.hibernate.dialect.MySQL8Dialect
2023-04-24 12:39:53,198 [main] INFO  o.h.e.t.j.p.i.JtaPlatformInitiator                 : HHH000490: Using JtaPlatform implementation: [org.hibernate.engine.transaction.jta.platform.internal.NoJtaPlatform]
2023-04-24 12:39:53,207 [main] INFO  o.s.o.j.LocalContainerEntityManagerFactoryBean     : Initialized JPA EntityManagerFactory for persistence unit 'default'
2023-04-24 12:39:53,662 [main] WARN  o.s.b.a.o.j.JpaBaseConfiguration$JpaWebConfiguration : spring.jpa.open-in-view is enabled by default. Therefore, database queries may be performed during view rendering. Explicitly configure spring.jpa.open-in-view to disable this warning
2023-04-24 12:39:54,179 [main] INFO  o.apache.coyote.http11.Http11NioProtocol           : Starting ProtocolHandler ["https-jsse-nio-8443"]
2023-04-24 12:39:54,412 [main] INFO  o.a.t.util.net.NioEndpoint.certificate             : Connector [https-jsse-nio-8443], TLS virtual host [_default_], certificate type [UNDEFINED] configured from [file:/C:/Users/omkar/OneDrive/Desktop/Traninig_Practice/CapstoneProject/employeemanagementsystem/build/resources/main/identity.jks] using alias [newssl] and with trust store [null]
2023-04-24 12:39:54,461 [main] INFO  o.s.b.w.embedded.tomcat.TomcatWebServer            : Tomcat started on port(s): 8443 (https) with context path ''
2023-04-24 12:39:54,477 [main] INFO  c.h.e.EmployeeManagementSystemApplication          : Started EmployeeManagementSystemApplication in 5.661 seconds (JVM running for 6.244)
2023-04-24 12:40:40,399 [https-jsse-nio-8443-exec-6] INFO  o.a.c.c.C.[Tomcat].[localhost].[/]                 : Initializing Spring DispatcherServlet 'dispatcherServlet'
2023-04-24 12:40:40,399 [https-jsse-nio-8443-exec-6] INFO  o.s.web.servlet.DispatcherServlet                  : Initializing Servlet 'dispatcherServlet'
2023-04-24 12:40:40,402 [https-jsse-nio-8443-exec-6] INFO  o.s.web.servlet.DispatcherServlet                  : Completed initialization in 3 ms
2023-04-24 14:33:13,481 [background-preinit] INFO  o.h.validator.internal.util.Version                : HV000001: Hibernate Validator 6.2.5.Final
2023-04-24 14:33:13,505 [main] INFO  c.h.e.EmployeeManagementSystemApplication          : Starting EmployeeManagementSystemApplication using Java 17.0.6 on OmkarKulkarni with PID 13864 (C:\Users\omkar\OneDrive\Desktop\Traninig_Practice\CapstoneProject\employeemanagementsystem\build\classes\java\main started by omkar in C:\Users\omkar\OneDrive\Desktop\Traninig_Practice\CapstoneProject\employeemanagementsystem)
2023-04-24 14:33:13,507 [main] INFO  c.h.e.EmployeeManagementSystemApplication          : No active profile set, falling back to 1 default profile: "default"
2023-04-24 14:33:14,626 [main] INFO  o.s.d.r.c.RepositoryConfigurationDelegate          : Bootstrapping Spring Data JPA repositories in DEFAULT mode.
2023-04-24 14:33:14,705 [main] INFO  o.s.d.r.c.RepositoryConfigurationDelegate          : Finished Spring Data repository scanning in 61 ms. Found 1 JPA repository interfaces.
2023-04-24 14:33:15,671 [main] INFO  o.s.b.w.embedded.tomcat.TomcatWebServer            : Tomcat initialized with port(s): 8443 (https)
2023-04-24 14:33:15,682 [main] INFO  o.apache.coyote.http11.Http11NioProtocol           : Initializing ProtocolHandler ["https-jsse-nio-8443"]
2023-04-24 14:33:15,683 [main] INFO  org.apache.catalina.core.StandardService           : Starting service [Tomcat]
2023-04-24 14:33:15,684 [main] INFO  org.apache.catalina.core.StandardEngine            : Starting Servlet engine: [Apache Tomcat/9.0.74]
2023-04-24 14:33:15,830 [main] INFO  o.a.c.c.C.[Tomcat].[localhost].[/]                 : Initializing Spring embedded WebApplicationContext
2023-04-24 14:33:15,831 [main] INFO  o.s.b.w.s.c.ServletWebServerApplicationContext     : Root WebApplicationContext: initialization completed in 2239 ms
2023-04-24 14:33:16,122 [main] INFO  o.hibernate.jpa.internal.util.LogHelper            : HHH000204: Processing PersistenceUnitInfo [name: default]
2023-04-24 14:33:16,211 [main] INFO  org.hibernate.Version                              : HHH000412: Hibernate ORM core version 5.6.15.Final
2023-04-24 14:33:16,480 [main] INFO  org.hibernate.annotations.common.Version           : HCANN000001: Hibernate Commons Annotations {5.1.2.Final}
2023-04-24 14:33:16,683 [main] INFO  com.zaxxer.hikari.HikariDataSource                 : HikariPool-1 - Starting...
2023-04-24 14:33:17,055 [main] INFO  com.zaxxer.hikari.HikariDataSource                 : HikariPool-1 - Start completed.
2023-04-24 14:33:17,114 [main] INFO  org.hibernate.dialect.Dialect                      : HHH000400: Using dialect: org.hibernate.dialect.MySQL8Dialect
2023-04-24 14:33:18,084 [main] INFO  o.h.e.t.j.p.i.JtaPlatformInitiator                 : HHH000490: Using JtaPlatform implementation: [org.hibernate.engine.transaction.jta.platform.internal.NoJtaPlatform]
2023-04-24 14:33:18,103 [main] INFO  o.s.o.j.LocalContainerEntityManagerFactoryBean     : Initialized JPA EntityManagerFactory for persistence unit 'default'
2023-04-24 14:33:18,961 [main] WARN  o.s.b.a.o.j.JpaBaseConfiguration$JpaWebConfiguration : spring.jpa.open-in-view is enabled by default. Therefore, database queries may be performed during view rendering. Explicitly configure spring.jpa.open-in-view to disable this warning
2023-04-24 14:33:19,685 [main] INFO  o.apache.coyote.http11.Http11NioProtocol           : Starting ProtocolHandler ["https-jsse-nio-8443"]
2023-04-24 14:33:19,927 [main] INFO  o.a.t.util.net.NioEndpoint.certificate             : Connector [https-jsse-nio-8443], TLS virtual host [_default_], certificate type [UNDEFINED] configured from [file:/C:/Users/omkar/OneDrive/Desktop/Traninig_Practice/CapstoneProject/employeemanagementsystem/build/resources/main/identity.jks] using alias [newssl] and with trust store [null]
2023-04-24 14:33:19,983 [main] INFO  o.s.b.w.embedded.tomcat.TomcatWebServer            : Tomcat started on port(s): 8443 (https) with context path ''
2023-04-24 14:33:20,006 [main] INFO  c.h.e.EmployeeManagementSystemApplication          : Started EmployeeManagementSystemApplication in 7.164 seconds (JVM running for 8.204)
2023-04-24 14:33:28,038 [https-jsse-nio-8443-exec-6] INFO  o.a.c.c.C.[Tomcat].[localhost].[/]                 : Initializing Spring DispatcherServlet 'dispatcherServlet'
2023-04-24 14:33:28,038 [https-jsse-nio-8443-exec-6] INFO  o.s.web.servlet.DispatcherServlet                  : Initializing Servlet 'dispatcherServlet'
2023-04-24 14:33:28,041 [https-jsse-nio-8443-exec-6] INFO  o.s.web.servlet.DispatcherServlet                  : Completed initialization in 3 ms
2023-04-24 14:40:19,527 [background-preinit] INFO  o.h.validator.internal.util.Version                : HV000001: Hibernate Validator 6.2.5.Final
2023-04-24 14:40:19,538 [main] INFO  c.h.e.EmployeeManagementSystemApplication          : Starting EmployeeManagementSystemApplication using Java 17.0.6 on OmkarKulkarni with PID 34740 (C:\Users\omkar\OneDrive\Desktop\Traninig_Practice\CapstoneProject\employeemanagementsystem\build\classes\java\main started by omkar in C:\Users\omkar\OneDrive\Desktop\Traninig_Practice\CapstoneProject\employeemanagementsystem)
2023-04-24 14:40:19,540 [main] INFO  c.h.e.EmployeeManagementSystemApplication          : No active profile set, falling back to 1 default profile: "default"
2023-04-24 14:40:21,104 [main] INFO  o.s.d.r.c.RepositoryConfigurationDelegate          : Bootstrapping Spring Data JPA repositories in DEFAULT mode.
2023-04-24 14:40:21,214 [main] INFO  o.s.d.r.c.RepositoryConfigurationDelegate          : Finished Spring Data repository scanning in 87 ms. Found 1 JPA repository interfaces.
2023-04-24 14:40:22,276 [main] INFO  o.s.b.w.embedded.tomcat.TomcatWebServer            : Tomcat initialized with port(s): 8443 (https)
2023-04-24 14:40:22,287 [main] INFO  o.apache.coyote.http11.Http11NioProtocol           : Initializing ProtocolHandler ["https-jsse-nio-8443"]
2023-04-24 14:40:22,287 [main] INFO  org.apache.catalina.core.StandardService           : Starting service [Tomcat]
2023-04-24 14:40:22,288 [main] INFO  org.apache.catalina.core.StandardEngine            : Starting Servlet engine: [Apache Tomcat/9.0.74]
2023-04-24 14:40:22,452 [main] INFO  o.a.c.c.C.[Tomcat].[localhost].[/]                 : Initializing Spring embedded WebApplicationContext
2023-04-24 14:40:22,452 [main] INFO  o.s.b.w.s.c.ServletWebServerApplicationContext     : Root WebApplicationContext: initialization completed in 2767 ms
2023-04-24 14:40:22,842 [main] INFO  o.hibernate.jpa.internal.util.LogHelper            : HHH000204: Processing PersistenceUnitInfo [name: default]
2023-04-24 14:40:22,989 [main] INFO  org.hibernate.Version                              : HHH000412: Hibernate ORM core version 5.6.15.Final
2023-04-24 14:40:23,330 [main] INFO  org.hibernate.annotations.common.Version           : HCANN000001: Hibernate Commons Annotations {5.1.2.Final}
2023-04-24 14:40:23,595 [main] INFO  com.zaxxer.hikari.HikariDataSource                 : HikariPool-1 - Starting...
2023-04-24 14:40:24,054 [main] INFO  com.zaxxer.hikari.HikariDataSource                 : HikariPool-1 - Start completed.
2023-04-24 14:40:24,123 [main] INFO  org.hibernate.dialect.Dialect                      : HHH000400: Using dialect: org.hibernate.dialect.MySQL8Dialect
2023-04-24 14:40:25,098 [main] INFO  o.h.e.t.j.p.i.JtaPlatformInitiator                 : HHH000490: Using JtaPlatform implementation: [org.hibernate.engine.transaction.jta.platform.internal.NoJtaPlatform]
2023-04-24 14:40:25,110 [main] INFO  o.s.o.j.LocalContainerEntityManagerFactoryBean     : Initialized JPA EntityManagerFactory for persistence unit 'default'
2023-04-24 14:40:25,744 [main] WARN  o.s.b.a.o.j.JpaBaseConfiguration$JpaWebConfiguration : spring.jpa.open-in-view is enabled by default. Therefore, database queries may be performed during view rendering. Explicitly configure spring.jpa.open-in-view to disable this warning
2023-04-24 14:40:26,472 [main] INFO  o.apache.coyote.http11.Http11NioProtocol           : Starting ProtocolHandler ["https-jsse-nio-8443"]
2023-04-24 14:40:26,693 [main] INFO  o.a.t.util.net.NioEndpoint.certificate             : Connector [https-jsse-nio-8443], TLS virtual host [_default_], certificate type [UNDEFINED] configured from [file:/C:/Users/omkar/OneDrive/Desktop/Traninig_Practice/CapstoneProject/employeemanagementsystem/build/resources/main/identity.jks] using alias [newssl] and with trust store [null]
2023-04-24 14:40:26,747 [main] INFO  o.s.b.w.embedded.tomcat.TomcatWebServer            : Tomcat started on port(s): 8443 (https) with context path ''
2023-04-24 14:40:26,768 [main] INFO  c.h.e.EmployeeManagementSystemApplication          : Started EmployeeManagementSystemApplication in 8.155 seconds (JVM running for 9.317)
2023-04-24 14:41:23,648 [https-jsse-nio-8443-exec-6] INFO  o.a.c.c.C.[Tomcat].[localhost].[/]                 : Initializing Spring DispatcherServlet 'dispatcherServlet'
2023-04-24 14:41:23,650 [https-jsse-nio-8443-exec-6] INFO  o.s.web.servlet.DispatcherServlet                  : Initializing Servlet 'dispatcherServlet'
2023-04-24 14:41:23,652 [https-jsse-nio-8443-exec-6] INFO  o.s.web.servlet.DispatcherServlet                  : Completed initialization in 1 ms
2023-04-24 16:50:09,703 [background-preinit] INFO  o.h.validator.internal.util.Version                : HV000001: Hibernate Validator 6.2.5.Final
2023-04-24 16:50:09,732 [main] INFO  c.h.e.EmployeeManagementSystemApplication          : Starting EmployeeManagementSystemApplication using Java 17.0.6 on OmkarKulkarni with PID 33772 (C:\Users\omkar\OneDrive\Desktop\Traninig_Practice\CapstoneProject\employeemanagementsystem\build\classes\java\main started by omkar in C:\Users\omkar\OneDrive\Desktop\Traninig_Practice\CapstoneProject\employeemanagementsystem)
2023-04-24 16:50:09,733 [main] INFO  c.h.e.EmployeeManagementSystemApplication          : No active profile set, falling back to 1 default profile: "default"
2023-04-24 16:50:10,875 [main] INFO  o.s.d.r.c.RepositoryConfigurationDelegate          : Bootstrapping Spring Data JPA repositories in DEFAULT mode.
2023-04-24 16:50:10,969 [main] INFO  o.s.d.r.c.RepositoryConfigurationDelegate          : Finished Spring Data repository scanning in 74 ms. Found 1 JPA repository interfaces.
2023-04-24 16:50:12,045 [main] INFO  o.s.b.w.embedded.tomcat.TomcatWebServer            : Tomcat initialized with port(s): 8443 (https)
2023-04-24 16:50:12,060 [main] INFO  o.apache.coyote.http11.Http11NioProtocol           : Initializing ProtocolHandler ["https-jsse-nio-8443"]
2023-04-24 16:50:12,062 [main] INFO  org.apache.catalina.core.StandardService           : Starting service [Tomcat]
2023-04-24 16:50:12,062 [main] INFO  org.apache.catalina.core.StandardEngine            : Starting Servlet engine: [Apache Tomcat/9.0.74]
2023-04-24 16:50:12,238 [main] INFO  o.a.c.c.C.[Tomcat].[localhost].[/]                 : Initializing Spring embedded WebApplicationContext
2023-04-24 16:50:12,238 [main] INFO  o.s.b.w.s.c.ServletWebServerApplicationContext     : Root WebApplicationContext: initialization completed in 2422 ms
2023-04-24 16:50:12,521 [main] INFO  o.hibernate.jpa.internal.util.LogHelper            : HHH000204: Processing PersistenceUnitInfo [name: default]
2023-04-24 16:50:12,643 [main] INFO  org.hibernate.Version                              : HHH000412: Hibernate ORM core version 5.6.15.Final
2023-04-24 16:50:12,921 [main] INFO  org.hibernate.annotations.common.Version           : HCANN000001: Hibernate Commons Annotations {5.1.2.Final}
2023-04-24 16:50:13,147 [main] INFO  com.zaxxer.hikari.HikariDataSource                 : HikariPool-1 - Starting...
2023-04-24 16:50:13,528 [main] INFO  com.zaxxer.hikari.HikariDataSource                 : HikariPool-1 - Start completed.
2023-04-24 16:50:13,573 [main] INFO  org.hibernate.dialect.Dialect                      : HHH000400: Using dialect: org.hibernate.dialect.MySQL8Dialect
2023-04-24 16:50:14,539 [main] INFO  o.h.e.t.j.p.i.JtaPlatformInitiator                 : HHH000490: Using JtaPlatform implementation: [org.hibernate.engine.transaction.jta.platform.internal.NoJtaPlatform]
2023-04-24 16:50:14,550 [main] INFO  o.s.o.j.LocalContainerEntityManagerFactoryBean     : Initialized JPA EntityManagerFactory for persistence unit 'default'
2023-04-24 16:50:15,154 [main] WARN  o.s.b.a.o.j.JpaBaseConfiguration$JpaWebConfiguration : spring.jpa.open-in-view is enabled by default. Therefore, database queries may be performed during view rendering. Explicitly configure spring.jpa.open-in-view to disable this warning
2023-04-24 16:50:15,727 [main] INFO  o.apache.coyote.http11.Http11NioProtocol           : Starting ProtocolHandler ["https-jsse-nio-8443"]
2023-04-24 16:50:15,929 [main] INFO  o.a.t.util.net.NioEndpoint.certificate             : Connector [https-jsse-nio-8443], TLS virtual host [_default_], certificate type [UNDEFINED] configured from [file:/C:/Users/omkar/OneDrive/Desktop/Traninig_Practice/CapstoneProject/employeemanagementsystem/build/resources/main/identity.jks] using alias [newssl] and with trust store [null]
2023-04-24 16:50:15,978 [main] INFO  o.s.b.w.embedded.tomcat.TomcatWebServer            : Tomcat started on port(s): 8443 (https) with context path ''
2023-04-24 16:50:15,990 [main] INFO  c.h.e.EmployeeManagementSystemApplication          : Started EmployeeManagementSystemApplication in 6.78 seconds (JVM running for 7.524)
2023-04-24 16:51:18,794 [https-jsse-nio-8443-exec-6] INFO  o.a.c.c.C.[Tomcat].[localhost].[/]                 : Initializing Spring DispatcherServlet 'dispatcherServlet'
2023-04-24 16:51:18,795 [https-jsse-nio-8443-exec-6] INFO  o.s.web.servlet.DispatcherServlet                  : Initializing Servlet 'dispatcherServlet'
2023-04-24 16:51:18,799 [https-jsse-nio-8443-exec-6] INFO  o.s.web.servlet.DispatcherServlet                  : Completed initialization in 4 ms
2023-04-24 16:55:35,471 [background-preinit] INFO  o.h.validator.internal.util.Version                : HV000001: Hibernate Validator 6.2.5.Final
2023-04-24 16:55:35,497 [main] INFO  c.h.e.EmployeeManagementSystemApplication          : Starting EmployeeManagementSystemApplication using Java 17.0.6 on OmkarKulkarni with PID 23324 (C:\Users\omkar\OneDrive\Desktop\Traninig_Practice\CapstoneProject\employeemanagementsystem\build\classes\java\main started by omkar in C:\Users\omkar\OneDrive\Desktop\Traninig_Practice\CapstoneProject\employeemanagementsystem)
2023-04-24 16:55:35,501 [main] INFO  c.h.e.EmployeeManagementSystemApplication          : No active profile set, falling back to 1 default profile: "default"
2023-04-24 16:55:36,746 [main] INFO  o.s.d.r.c.RepositoryConfigurationDelegate          : Bootstrapping Spring Data JPA repositories in DEFAULT mode.
2023-04-24 16:55:36,839 [main] INFO  o.s.d.r.c.RepositoryConfigurationDelegate          : Finished Spring Data repository scanning in 76 ms. Found 1 JPA repository interfaces.
2023-04-24 16:55:38,218 [main] INFO  o.s.b.w.embedded.tomcat.TomcatWebServer            : Tomcat initialized with port(s): 8443 (https)
2023-04-24 16:55:38,235 [main] INFO  o.apache.coyote.http11.Http11NioProtocol           : Initializing ProtocolHandler ["https-jsse-nio-8443"]
2023-04-24 16:55:38,236 [main] INFO  org.apache.catalina.core.StandardService           : Starting service [Tomcat]
2023-04-24 16:55:38,237 [main] INFO  org.apache.catalina.core.StandardEngine            : Starting Servlet engine: [Apache Tomcat/9.0.74]
2023-04-24 16:55:38,486 [main] INFO  o.a.c.c.C.[Tomcat].[localhost].[/]                 : Initializing Spring embedded WebApplicationContext
2023-04-24 16:55:38,487 [main] INFO  o.s.b.w.s.c.ServletWebServerApplicationContext     : Root WebApplicationContext: initialization completed in 2905 ms
2023-04-24 16:55:38,903 [main] INFO  o.hibernate.jpa.internal.util.LogHelper            : HHH000204: Processing PersistenceUnitInfo [name: default]
2023-04-24 16:55:39,034 [main] INFO  org.hibernate.Version                              : HHH000412: Hibernate ORM core version 5.6.15.Final
2023-04-24 16:55:39,424 [main] INFO  org.hibernate.annotations.common.Version           : HCANN000001: Hibernate Commons Annotations {5.1.2.Final}
2023-04-24 16:55:39,747 [main] INFO  com.zaxxer.hikari.HikariDataSource                 : HikariPool-1 - Starting...
2023-04-24 16:55:40,288 [main] INFO  com.zaxxer.hikari.HikariDataSource                 : HikariPool-1 - Start completed.
2023-04-24 16:55:40,359 [main] INFO  org.hibernate.dialect.Dialect                      : HHH000400: Using dialect: org.hibernate.dialect.MySQL8Dialect
2023-04-24 16:55:41,847 [main] INFO  o.h.e.t.j.p.i.JtaPlatformInitiator                 : HHH000490: Using JtaPlatform implementation: [org.hibernate.engine.transaction.jta.platform.internal.NoJtaPlatform]
2023-04-24 16:55:41,868 [main] INFO  o.s.o.j.LocalContainerEntityManagerFactoryBean     : Initialized JPA EntityManagerFactory for persistence unit 'default'
2023-04-24 16:55:41,882 [main] WARN  o.s.b.w.s.c.AnnotationConfigServletWebServerApplicationContext : Exception encountered during context initialization - cancelling refresh attempt: org.springframework.beans.factory.BeanCreationException: Error creating bean with name 'aesEncryptor': Injection of autowired dependencies failed; nested exception is java.lang.IllegalArgumentException: Could not resolve placeholder 'aes.encryption.key' in value "${aes.encryption.key}"
2023-04-24 16:55:41,884 [main] INFO  o.s.o.j.LocalContainerEntityManagerFactoryBean     : Closing JPA EntityManagerFactory for persistence unit 'default'
2023-04-24 16:55:41,890 [main] INFO  com.zaxxer.hikari.HikariDataSource                 : HikariPool-1 - Shutdown initiated...
2023-04-24 16:55:41,915 [main] INFO  com.zaxxer.hikari.HikariDataSource                 : HikariPool-1 - Shutdown completed.
2023-04-24 16:55:41,919 [main] INFO  org.apache.catalina.core.StandardService           : Stopping service [Tomcat]
2023-04-24 16:55:41,956 [main] INFO  o.s.b.a.l.ConditionEvaluationReportLoggingListener : 

Error starting ApplicationContext. To display the conditions report re-run your application with 'debug' enabled.
2023-04-24 16:55:42,028 [main] ERROR o.springframework.boot.SpringApplication           : Application run failed
org.springframework.beans.factory.BeanCreationException: Error creating bean with name 'aesEncryptor': Injection of autowired dependencies failed; nested exception is java.lang.IllegalArgumentException: Could not resolve placeholder 'aes.encryption.key' in value "${aes.encryption.key}"
	at org.springframework.beans.factory.annotation.AutowiredAnnotationBeanPostProcessor.postProcessProperties(AutowiredAnnotationBeanPostProcessor.java:405)
	at org.springframework.beans.factory.support.AbstractAutowireCapableBeanFactory.populateBean(AbstractAutowireCapableBeanFactory.java:1431)
	at org.springframework.beans.factory.support.AbstractAutowireCapableBeanFactory.doCreateBean(AbstractAutowireCapableBeanFactory.java:619)
	at org.springframework.beans.factory.support.AbstractAutowireCapableBeanFactory.createBean(AbstractAutowireCapableBeanFactory.java:542)
	at org.springframework.beans.factory.support.AbstractBeanFactory.lambda$doGetBean$0(AbstractBeanFactory.java:335)
	at org.springframework.beans.factory.support.DefaultSingletonBeanRegistry.getSingleton(DefaultSingletonBeanRegistry.java:234)
	at org.springframework.beans.factory.support.AbstractBeanFactory.doGetBean(AbstractBeanFactory.java:333)
	at org.springframework.beans.factory.support.AbstractBeanFactory.getBean(AbstractBeanFactory.java:208)
	at org.springframework.beans.factory.support.DefaultListableBeanFactory.preInstantiateSingletons(DefaultListableBeanFactory.java:955)
	at org.springframework.context.support.AbstractApplicationContext.finishBeanFactoryInitialization(AbstractApplicationContext.java:920)
	at org.springframework.context.support.AbstractApplicationContext.refresh(AbstractApplicationContext.java:583)
	at org.springframework.boot.web.servlet.context.ServletWebServerApplicationContext.refresh(ServletWebServerApplicationContext.java:147)
	at org.springframework.boot.SpringApplication.refresh(SpringApplication.java:731)
	at org.springframework.boot.SpringApplication.refreshContext(SpringApplication.java:408)
	at org.springframework.boot.SpringApplication.run(SpringApplication.java:307)
	at org.springframework.boot.SpringApplication.run(SpringApplication.java:1303)
	at org.springframework.boot.SpringApplication.run(SpringApplication.java:1292)
	at com.hdfc.employeemanagementsystem.EmployeeManagementSystemApplication.main(EmployeeManagementSystemApplication.java:10)
Caused by: java.lang.IllegalArgumentException: Could not resolve placeholder 'aes.encryption.key' in value "${aes.encryption.key}"
	at org.springframework.util.PropertyPlaceholderHelper.parseStringValue(PropertyPlaceholderHelper.java:180)
	at org.springframework.util.PropertyPlaceholderHelper.replacePlaceholders(PropertyPlaceholderHelper.java:126)
	at org.springframework.core.env.AbstractPropertyResolver.doResolvePlaceholders(AbstractPropertyResolver.java:239)
	at org.springframework.core.env.AbstractPropertyResolver.resolveRequiredPlaceholders(AbstractPropertyResolver.java:210)
	at org.springframework.context.support.PropertySourcesPlaceholderConfigurer.lambda$processProperties$0(PropertySourcesPlaceholderConfigurer.java:191)
	at org.springframework.beans.factory.support.AbstractBeanFactory.resolveEmbeddedValue(AbstractBeanFactory.java:936)
	at org.springframework.beans.factory.support.DefaultListableBeanFactory.doResolveDependency(DefaultListableBeanFactory.java:1332)
	at org.springframework.beans.factory.support.DefaultListableBeanFactory.resolveDependency(DefaultListableBeanFactory.java:1311)
	at org.springframework.beans.factory.annotation.AutowiredAnnotationBeanPostProcessor$AutowiredFieldElement.resolveFieldValue(AutowiredAnnotationBeanPostProcessor.java:657)
	at org.springframework.beans.factory.annotation.AutowiredAnnotationBeanPostProcessor$AutowiredFieldElement.inject(AutowiredAnnotationBeanPostProcessor.java:640)
	at org.springframework.beans.factory.annotation.InjectionMetadata.inject(InjectionMetadata.java:119)
	at org.springframework.beans.factory.annotation.AutowiredAnnotationBeanPostProcessor.postProcessProperties(AutowiredAnnotationBeanPostProcessor.java:399)
	... 17 common frames omitted
2023-04-24 16:56:13,400 [background-preinit] INFO  o.h.validator.internal.util.Version                : HV000001: Hibernate Validator 6.2.5.Final
2023-04-24 16:56:13,435 [main] INFO  c.h.e.EmployeeManagementSystemApplication          : Starting EmployeeManagementSystemApplication using Java 17.0.6 on OmkarKulkarni with PID 15048 (C:\Users\omkar\OneDrive\Desktop\Traninig_Practice\CapstoneProject\employeemanagementsystem\build\classes\java\main started by omkar in C:\Users\omkar\OneDrive\Desktop\Traninig_Practice\CapstoneProject\employeemanagementsystem)
2023-04-24 16:56:13,438 [main] INFO  c.h.e.EmployeeManagementSystemApplication          : No active profile set, falling back to 1 default profile: "default"
2023-04-24 16:56:15,087 [main] INFO  o.s.d.r.c.RepositoryConfigurationDelegate          : Bootstrapping Spring Data JPA repositories in DEFAULT mode.
2023-04-24 16:56:15,193 [main] INFO  o.s.d.r.c.RepositoryConfigurationDelegate          : Finished Spring Data repository scanning in 88 ms. Found 1 JPA repository interfaces.
2023-04-24 16:56:16,633 [main] INFO  o.s.b.w.embedded.tomcat.TomcatWebServer            : Tomcat initialized with port(s): 8443 (https)
2023-04-24 16:56:16,647 [main] INFO  o.apache.coyote.http11.Http11NioProtocol           : Initializing ProtocolHandler ["https-jsse-nio-8443"]
2023-04-24 16:56:16,649 [main] INFO  org.apache.catalina.core.StandardService           : Starting service [Tomcat]
2023-04-24 16:56:16,649 [main] INFO  org.apache.catalina.core.StandardEngine            : Starting Servlet engine: [Apache Tomcat/9.0.74]
2023-04-24 16:56:16,888 [main] INFO  o.a.c.c.C.[Tomcat].[localhost].[/]                 : Initializing Spring embedded WebApplicationContext
2023-04-24 16:56:16,888 [main] INFO  o.s.b.w.s.c.ServletWebServerApplicationContext     : Root WebApplicationContext: initialization completed in 3332 ms
2023-04-24 16:56:17,202 [main] INFO  o.hibernate.jpa.internal.util.LogHelper            : HHH000204: Processing PersistenceUnitInfo [name: default]
2023-04-24 16:56:17,314 [main] INFO  org.hibernate.Version                              : HHH000412: Hibernate ORM core version 5.6.15.Final
2023-04-24 16:56:17,563 [main] INFO  org.hibernate.annotations.common.Version           : HCANN000001: Hibernate Commons Annotations {5.1.2.Final}
2023-04-24 16:56:17,762 [main] INFO  com.zaxxer.hikari.HikariDataSource                 : HikariPool-1 - Starting...
2023-04-24 16:56:18,139 [main] INFO  com.zaxxer.hikari.HikariDataSource                 : HikariPool-1 - Start completed.
2023-04-24 16:56:18,176 [main] INFO  org.hibernate.dialect.Dialect                      : HHH000400: Using dialect: org.hibernate.dialect.MySQL8Dialect
2023-04-24 16:56:19,056 [main] INFO  o.h.e.t.j.p.i.JtaPlatformInitiator                 : HHH000490: Using JtaPlatform implementation: [org.hibernate.engine.transaction.jta.platform.internal.NoJtaPlatform]
2023-04-24 16:56:19,070 [main] INFO  o.s.o.j.LocalContainerEntityManagerFactoryBean     : Initialized JPA EntityManagerFactory for persistence unit 'default'
2023-04-24 16:56:19,081 [main] WARN  o.s.b.w.s.c.AnnotationConfigServletWebServerApplicationContext : Exception encountered during context initialization - cancelling refresh attempt: org.springframework.beans.factory.BeanCreationException: Error creating bean with name 'aesEncryptor': Injection of autowired dependencies failed; nested exception is java.lang.IllegalArgumentException: Could not resolve placeholder 'aes.encryption.key' in value "${aes.encryption.key}"
2023-04-24 16:56:19,082 [main] INFO  o.s.o.j.LocalContainerEntityManagerFactoryBean     : Closing JPA EntityManagerFactory for persistence unit 'default'
2023-04-24 16:56:19,085 [main] INFO  com.zaxxer.hikari.HikariDataSource                 : HikariPool-1 - Shutdown initiated...
2023-04-24 16:56:19,102 [main] INFO  com.zaxxer.hikari.HikariDataSource                 : HikariPool-1 - Shutdown completed.
2023-04-24 16:56:19,105 [main] INFO  org.apache.catalina.core.StandardService           : Stopping service [Tomcat]
2023-04-24 16:56:19,121 [main] INFO  o.s.b.a.l.ConditionEvaluationReportLoggingListener : 

Error starting ApplicationContext. To display the conditions report re-run your application with 'debug' enabled.
2023-04-24 16:56:19,176 [main] ERROR o.springframework.boot.SpringApplication           : Application run failed
org.springframework.beans.factory.BeanCreationException: Error creating bean with name 'aesEncryptor': Injection of autowired dependencies failed; nested exception is java.lang.IllegalArgumentException: Could not resolve placeholder 'aes.encryption.key' in value "${aes.encryption.key}"
	at org.springframework.beans.factory.annotation.AutowiredAnnotationBeanPostProcessor.postProcessProperties(AutowiredAnnotationBeanPostProcessor.java:405)
	at org.springframework.beans.factory.support.AbstractAutowireCapableBeanFactory.populateBean(AbstractAutowireCapableBeanFactory.java:1431)
	at org.springframework.beans.factory.support.AbstractAutowireCapableBeanFactory.doCreateBean(AbstractAutowireCapableBeanFactory.java:619)
	at org.springframework.beans.factory.support.AbstractAutowireCapableBeanFactory.createBean(AbstractAutowireCapableBeanFactory.java:542)
	at org.springframework.beans.factory.support.AbstractBeanFactory.lambda$doGetBean$0(AbstractBeanFactory.java:335)
	at org.springframework.beans.factory.support.DefaultSingletonBeanRegistry.getSingleton(DefaultSingletonBeanRegistry.java:234)
	at org.springframework.beans.factory.support.AbstractBeanFactory.doGetBean(AbstractBeanFactory.java:333)
	at org.springframework.beans.factory.support.AbstractBeanFactory.getBean(AbstractBeanFactory.java:208)
	at org.springframework.beans.factory.support.DefaultListableBeanFactory.preInstantiateSingletons(DefaultListableBeanFactory.java:955)
	at org.springframework.context.support.AbstractApplicationContext.finishBeanFactoryInitialization(AbstractApplicationContext.java:920)
	at org.springframework.context.support.AbstractApplicationContext.refresh(AbstractApplicationContext.java:583)
	at org.springframework.boot.web.servlet.context.ServletWebServerApplicationContext.refresh(ServletWebServerApplicationContext.java:147)
	at org.springframework.boot.SpringApplication.refresh(SpringApplication.java:731)
	at org.springframework.boot.SpringApplication.refreshContext(SpringApplication.java:408)
	at org.springframework.boot.SpringApplication.run(SpringApplication.java:307)
	at org.springframework.boot.SpringApplication.run(SpringApplication.java:1303)
	at org.springframework.boot.SpringApplication.run(SpringApplication.java:1292)
	at com.hdfc.employeemanagementsystem.EmployeeManagementSystemApplication.main(EmployeeManagementSystemApplication.java:10)
Caused by: java.lang.IllegalArgumentException: Could not resolve placeholder 'aes.encryption.key' in value "${aes.encryption.key}"
	at org.springframework.util.PropertyPlaceholderHelper.parseStringValue(PropertyPlaceholderHelper.java:180)
	at org.springframework.util.PropertyPlaceholderHelper.replacePlaceholders(PropertyPlaceholderHelper.java:126)
	at org.springframework.core.env.AbstractPropertyResolver.doResolvePlaceholders(AbstractPropertyResolver.java:239)
	at org.springframework.core.env.AbstractPropertyResolver.resolveRequiredPlaceholders(AbstractPropertyResolver.java:210)
	at org.springframework.context.support.PropertySourcesPlaceholderConfigurer.lambda$processProperties$0(PropertySourcesPlaceholderConfigurer.java:191)
	at org.springframework.beans.factory.support.AbstractBeanFactory.resolveEmbeddedValue(AbstractBeanFactory.java:936)
	at org.springframework.beans.factory.support.DefaultListableBeanFactory.doResolveDependency(DefaultListableBeanFactory.java:1332)
	at org.springframework.beans.factory.support.DefaultListableBeanFactory.resolveDependency(DefaultListableBeanFactory.java:1311)
	at org.springframework.beans.factory.annotation.AutowiredAnnotationBeanPostProcessor$AutowiredFieldElement.resolveFieldValue(AutowiredAnnotationBeanPostProcessor.java:657)
	at org.springframework.beans.factory.annotation.AutowiredAnnotationBeanPostProcessor$AutowiredFieldElement.inject(AutowiredAnnotationBeanPostProcessor.java:640)
	at org.springframework.beans.factory.annotation.InjectionMetadata.inject(InjectionMetadata.java:119)
	at org.springframework.beans.factory.annotation.AutowiredAnnotationBeanPostProcessor.postProcessProperties(AutowiredAnnotationBeanPostProcessor.java:399)
	... 17 common frames omitted
2023-04-24 16:57:07,987 [background-preinit] INFO  o.h.validator.internal.util.Version                : HV000001: Hibernate Validator 6.2.5.Final
2023-04-24 16:57:08,021 [main] INFO  c.h.e.EmployeeManagementSystemApplication          : Starting EmployeeManagementSystemApplication using Java 17.0.6 on OmkarKulkarni with PID 27236 (C:\Users\omkar\OneDrive\Desktop\Traninig_Practice\CapstoneProject\employeemanagementsystem\build\classes\java\main started by omkar in C:\Users\omkar\OneDrive\Desktop\Traninig_Practice\CapstoneProject\employeemanagementsystem)
2023-04-24 16:57:08,024 [main] INFO  c.h.e.EmployeeManagementSystemApplication          : No active profile set, falling back to 1 default profile: "default"
2023-04-24 16:57:09,701 [main] INFO  o.s.d.r.c.RepositoryConfigurationDelegate          : Bootstrapping Spring Data JPA repositories in DEFAULT mode.
2023-04-24 16:57:09,823 [main] INFO  o.s.d.r.c.RepositoryConfigurationDelegate          : Finished Spring Data repository scanning in 102 ms. Found 1 JPA repository interfaces.
2023-04-24 16:57:11,324 [main] INFO  o.s.b.w.embedded.tomcat.TomcatWebServer            : Tomcat initialized with port(s): 8443 (https)
2023-04-24 16:57:11,338 [main] INFO  o.apache.coyote.http11.Http11NioProtocol           : Initializing ProtocolHandler ["https-jsse-nio-8443"]
2023-04-24 16:57:11,340 [main] INFO  org.apache.catalina.core.StandardService           : Starting service [Tomcat]
2023-04-24 16:57:11,341 [main] INFO  org.apache.catalina.core.StandardEngine            : Starting Servlet engine: [Apache Tomcat/9.0.74]
2023-04-24 16:57:11,529 [main] INFO  o.a.c.c.C.[Tomcat].[localhost].[/]                 : Initializing Spring embedded WebApplicationContext
2023-04-24 16:57:11,530 [main] INFO  o.s.b.w.s.c.ServletWebServerApplicationContext     : Root WebApplicationContext: initialization completed in 3370 ms
2023-04-24 16:57:11,793 [main] INFO  o.hibernate.jpa.internal.util.LogHelper            : HHH000204: Processing PersistenceUnitInfo [name: default]
2023-04-24 16:57:11,894 [main] INFO  org.hibernate.Version                              : HHH000412: Hibernate ORM core version 5.6.15.Final
2023-04-24 16:57:12,159 [main] INFO  org.hibernate.annotations.common.Version           : HCANN000001: Hibernate Commons Annotations {5.1.2.Final}
2023-04-24 16:57:12,365 [main] INFO  com.zaxxer.hikari.HikariDataSource                 : HikariPool-1 - Starting...
2023-04-24 16:57:12,711 [main] INFO  com.zaxxer.hikari.HikariDataSource                 : HikariPool-1 - Start completed.
2023-04-24 16:57:12,758 [main] INFO  org.hibernate.dialect.Dialect                      : HHH000400: Using dialect: org.hibernate.dialect.MySQL8Dialect
2023-04-24 16:57:13,612 [main] INFO  o.h.e.t.j.p.i.JtaPlatformInitiator                 : HHH000490: Using JtaPlatform implementation: [org.hibernate.engine.transaction.jta.platform.internal.NoJtaPlatform]
2023-04-24 16:57:13,622 [main] INFO  o.s.o.j.LocalContainerEntityManagerFactoryBean     : Initialized JPA EntityManagerFactory for persistence unit 'default'
2023-04-24 16:57:14,178 [main] WARN  o.s.b.a.o.j.JpaBaseConfiguration$JpaWebConfiguration : spring.jpa.open-in-view is enabled by default. Therefore, database queries may be performed during view rendering. Explicitly configure spring.jpa.open-in-view to disable this warning
2023-04-24 16:57:14,701 [main] INFO  o.apache.coyote.http11.Http11NioProtocol           : Starting ProtocolHandler ["https-jsse-nio-8443"]
2023-04-24 16:57:15,031 [main] INFO  o.a.t.util.net.NioEndpoint.certificate             : Connector [https-jsse-nio-8443], TLS virtual host [_default_], certificate type [UNDEFINED] configured from [file:/C:/Users/omkar/OneDrive/Desktop/Traninig_Practice/CapstoneProject/employeemanagementsystem/build/resources/main/identity.jks] using alias [newssl] and with trust store [null]
2023-04-24 16:57:15,102 [main] INFO  o.s.b.w.embedded.tomcat.TomcatWebServer            : Tomcat started on port(s): 8443 (https) with context path ''
2023-04-24 16:57:15,122 [main] INFO  c.h.e.EmployeeManagementSystemApplication          : Started EmployeeManagementSystemApplication in 7.933 seconds (JVM running for 9.143)
2023-04-24 16:57:17,612 [https-jsse-nio-8443-exec-6] INFO  o.a.c.c.C.[Tomcat].[localhost].[/]                 : Initializing Spring DispatcherServlet 'dispatcherServlet'
2023-04-24 16:57:17,613 [https-jsse-nio-8443-exec-6] INFO  o.s.web.servlet.DispatcherServlet                  : Initializing Servlet 'dispatcherServlet'
2023-04-24 16:57:17,616 [https-jsse-nio-8443-exec-6] INFO  o.s.web.servlet.DispatcherServlet                  : Completed initialization in 3 ms
