2023-04-24 12:20:47,646 [background-preinit] INFO  o.h.validator.internal.util.Version                : HV000001: Hibernate Validator 6.2.5.Final
2023-04-24 12:20:47,703 [main] INFO  c.h.e.EmployeeManagementSystemApplication          : Starting EmployeeManagementSystemApplication using Java 17.0.6 on OmkarKulkarni with PID 31888 (C:\Users\omkar\OneDrive\Desktop\Traninig_Practice\CapstoneProject\employeemanagementsystem\build\classes\java\main started by omkar in C:\Users\omkar\OneDrive\Desktop\Traninig_Practice\CapstoneProject\employeemanagementsystem)
2023-04-24 12:20:47,706 [main] INFO  c.h.e.EmployeeManagementSystemApplication          : No active profile set, falling back to 1 default profile: "default"
2023-04-24 12:20:49,476 [main] INFO  o.s.d.r.c.RepositoryConfigurationDelegate          : Bootstrapping Spring Data JPA repositories in DEFAULT mode.
2023-04-24 12:20:49,623 [main] INFO  o.s.d.r.c.RepositoryConfigurationDelegate          : Finished Spring Data repository scanning in 119 ms. Found 1 JPA repository interfaces.
2023-04-24 12:20:51,329 [main] INFO  o.s.b.w.embedded.tomcat.TomcatWebServer            : Tomcat initialized with port(s): 8443 (https)
2023-04-24 12:20:51,353 [main] INFO  o.apache.coyote.http11.Http11NioProtocol           : Initializing ProtocolHandler ["https-jsse-nio-8443"]
2023-04-24 12:20:51,356 [main] INFO  org.apache.catalina.core.StandardService           : Starting service [Tomcat]
2023-04-24 12:20:51,357 [main] INFO  org.apache.catalina.core.StandardEngine            : Starting Servlet engine: [Apache Tomcat/9.0.74]
2023-04-24 12:20:51,689 [main] INFO  o.a.c.c.C.[Tomcat].[localhost].[/]                 : Initializing Spring embedded WebApplicationContext
2023-04-24 12:20:51,689 [main] INFO  o.s.b.w.s.c.ServletWebServerApplicationContext     : Root WebApplicationContext: initialization completed in 3850 ms
2023-04-24 12:20:52,064 [main] INFO  o.hibernate.jpa.internal.util.LogHelper            : HHH000204: Processing PersistenceUnitInfo [name: default]
2023-04-24 12:20:52,198 [main] INFO  org.hibernate.Version                              : HHH000412: Hibernate ORM core version 5.6.15.Final
2023-04-24 12:20:52,563 [main] INFO  org.hibernate.annotations.common.Version           : HCANN000001: Hibernate Commons Annotations {5.1.2.Final}
2023-04-24 12:20:52,827 [main] INFO  com.zaxxer.hikari.HikariDataSource                 : HikariPool-1 - Starting...
2023-04-24 12:20:53,259 [main] INFO  com.zaxxer.hikari.HikariDataSource                 : HikariPool-1 - Start completed.
2023-04-24 12:20:53,311 [main] INFO  org.hibernate.dialect.Dialect                      : HHH000400: Using dialect: org.hibernate.dialect.MySQL8Dialect
2023-04-24 12:20:54,371 [main] INFO  o.h.e.t.j.p.i.JtaPlatformInitiator                 : HHH000490: Using JtaPlatform implementation: [org.hibernate.engine.transaction.jta.platform.internal.NoJtaPlatform]
2023-04-24 12:20:54,386 [main] INFO  o.s.o.j.LocalContainerEntityManagerFactoryBean     : Initialized JPA EntityManagerFactory for persistence unit 'default'
2023-04-24 12:20:54,928 [main] WARN  o.s.b.a.o.j.JpaBaseConfiguration$JpaWebConfiguration : spring.jpa.open-in-view is enabled by default. Therefore, database queries may be performed during view rendering. Explicitly configure spring.jpa.open-in-view to disable this warning
2023-04-24 12:20:55,409 [main] INFO  o.apache.coyote.http11.Http11NioProtocol           : Starting ProtocolHandler ["https-jsse-nio-8443"]
2023-04-24 12:20:55,610 [main] INFO  o.a.t.util.net.NioEndpoint.certificate             : Connector [https-jsse-nio-8443], TLS virtual host [_default_], certificate type [UNDEFINED] configured from [file:/C:/Users/omkar/OneDrive/Desktop/Traninig_Practice/CapstoneProject/employeemanagementsystem/build/resources/main/identity.jks] using alias [newssl] and with trust store [null]
2023-04-24 12:20:55,686 [main] INFO  o.s.b.w.embedded.tomcat.TomcatWebServer            : Tomcat started on port(s): 8443 (https) with context path ''
2023-04-24 12:20:55,703 [main] INFO  c.h.e.EmployeeManagementSystemApplication          : Started EmployeeManagementSystemApplication in 8.934 seconds (JVM running for 10.112)
2023-04-24 12:21:07,885 [https-jsse-nio-8443-exec-6] INFO  o.a.c.c.C.[Tomcat].[localhost].[/]                 : Initializing Spring DispatcherServlet 'dispatcherServlet'
2023-04-24 12:21:07,886 [https-jsse-nio-8443-exec-6] INFO  o.s.web.servlet.DispatcherServlet                  : Initializing Servlet 'dispatcherServlet'
2023-04-24 12:21:07,889 [https-jsse-nio-8443-exec-6] INFO  o.s.web.servlet.DispatcherServlet                  : Completed initialization in 3 ms
2023-04-24 12:39:49,263 [background-preinit] INFO  o.h.validator.internal.util.Version                : HV000001: Hibernate Validator 6.2.5.Final
2023-04-24 12:39:49,283 [main] INFO  c.h.e.EmployeeManagementSystemApplication          : Starting EmployeeManagementSystemApplication using Java 17.0.6 on OmkarKulkarni with PID 18920 (C:\Users\omkar\OneDrive\Desktop\Traninig_Practice\CapstoneProject\employeemanagementsystem\build\classes\java\main started by omkar in C:\Users\omkar\OneDrive\Desktop\Traninig_Practice\CapstoneProject\employeemanagementsystem)
2023-04-24 12:39:49,284 [main] INFO  c.h.e.EmployeeManagementSystemApplication          : No active profile set, falling back to 1 default profile: "default"
2023-04-24 12:39:50,180 [main] INFO  o.s.d.r.c.RepositoryConfigurationDelegate          : Bootstrapping Spring Data JPA repositories in DEFAULT mode.
2023-04-24 12:39:50,254 [main] INFO  o.s.d.r.c.RepositoryConfigurationDelegate          : Finished Spring Data repository scanning in 59 ms. Found 1 JPA repository interfaces.
2023-04-24 12:39:51,112 [main] INFO  o.s.b.w.embedded.tomcat.TomcatWebServer            : Tomcat initialized with port(s): 8443 (https)
2023-04-24 12:39:51,122 [main] INFO  o.apache.coyote.http11.Http11NioProtocol           : Initializing ProtocolHandler ["https-jsse-nio-8443"]
2023-04-24 12:39:51,123 [main] INFO  org.apache.catalina.core.StandardService           : Starting service [Tomcat]
2023-04-24 12:39:51,123 [main] INFO  org.apache.catalina.core.StandardEngine            : Starting Servlet engine: [Apache Tomcat/9.0.74]
2023-04-24 12:39:51,257 [main] INFO  o.a.c.c.C.[Tomcat].[localhost].[/]                 : Initializing Spring embedded WebApplicationContext
2023-04-24 12:39:51,257 [main] INFO  o.s.b.w.s.c.ServletWebServerApplicationContext     : Root WebApplicationContext: initialization completed in 1907 ms
2023-04-24 12:39:51,493 [main] INFO  o.hibernate.jpa.internal.util.LogHelper            : HHH000204: Processing PersistenceUnitInfo [name: default]
2023-04-24 12:39:51,572 [main] INFO  org.hibernate.Version                              : HHH000412: Hibernate ORM core version 5.6.15.Final
2023-04-24 12:39:51,831 [main] INFO  org.hibernate.annotations.common.Version           : HCANN000001: Hibernate Commons Annotations {5.1.2.Final}
2023-04-24 12:39:52,018 [main] INFO  com.zaxxer.hikari.HikariDataSource                 : HikariPool-1 - Starting...
2023-04-24 12:39:52,371 [main] INFO  com.zaxxer.hikari.HikariDataSource                 : HikariPool-1 - Start completed.
2023-04-24 12:39:52,415 [main] INFO  org.hibernate.dialect.Dialect                      : HHH000400: Using dialect: org.hibernate.dialect.MySQL8Dialect
2023-04-24 12:39:53,198 [main] INFO  o.h.e.t.j.p.i.JtaPlatformInitiator                 : HHH000490: Using JtaPlatform implementation: [org.hibernate.engine.transaction.jta.platform.internal.NoJtaPlatform]
2023-04-24 12:39:53,207 [main] INFO  o.s.o.j.LocalContainerEntityManagerFactoryBean     : Initialized JPA EntityManagerFactory for persistence unit 'default'
2023-04-24 12:39:53,662 [main] WARN  o.s.b.a.o.j.JpaBaseConfiguration$JpaWebConfiguration : spring.jpa.open-in-view is enabled by default. Therefore, database queries may be performed during view rendering. Explicitly configure spring.jpa.open-in-view to disable this warning
2023-04-24 12:39:54,179 [main] INFO  o.apache.coyote.http11.Http11NioProtocol           : Starting ProtocolHandler ["https-jsse-nio-8443"]
2023-04-24 12:39:54,412 [main] INFO  o.a.t.util.net.NioEndpoint.certificate             : Connector [https-jsse-nio-8443], TLS virtual host [_default_], certificate type [UNDEFINED] configured from [file:/C:/Users/omkar/OneDrive/Desktop/Traninig_Practice/CapstoneProject/employeemanagementsystem/build/resources/main/identity.jks] using alias [newssl] and with trust store [null]
2023-04-24 12:39:54,461 [main] INFO  o.s.b.w.embedded.tomcat.TomcatWebServer            : Tomcat started on port(s): 8443 (https) with context path ''
2023-04-24 12:39:54,477 [main] INFO  c.h.e.EmployeeManagementSystemApplication          : Started EmployeeManagementSystemApplication in 5.661 seconds (JVM running for 6.244)
2023-04-24 12:40:40,399 [https-jsse-nio-8443-exec-6] INFO  o.a.c.c.C.[Tomcat].[localhost].[/]                 : Initializing Spring DispatcherServlet 'dispatcherServlet'
2023-04-24 12:40:40,399 [https-jsse-nio-8443-exec-6] INFO  o.s.web.servlet.DispatcherServlet                  : Initializing Servlet 'dispatcherServlet'
2023-04-24 12:40:40,402 [https-jsse-nio-8443-exec-6] INFO  o.s.web.servlet.DispatcherServlet                  : Completed initialization in 3 ms
